[    3024ms] [WARNING] ⚠️ React Router Future Flag Warning: React Router will begin wrapping state updates in `React.startTransition` in v7. You can use the `v7_startTransition` future flag to opt-in early. For more information, see https://reactrouter.com/v6/upgrading/future#v7_starttransition. @ http://localhost:3000/node_modules/.vite/deps/@powerhousedao_connect_main__js.js?v=0a3d6a2c:117526
[   74460ms] [ERROR] %o

%s

%s
 TypeError: nodes.toSorted is not a function
    at sortNodesByName (http://localhost:3000/node_modules/.vite/deps/@powerhousedao_connect_main__js.js?v=0a3d6a2c:32145:16)
    at useNodesInSelectedDriveOrFolder (http://localhost:3000/node_modules/.vite/deps/@powerhousedao_connect_main__js.js?v=0a3d6a2c:32486:12)
    at FolderView (http://localhost:3000/node_modules/.vite/deps/@powerhousedao_connect_main__js.js?v=0a3d6a2c:194069:17)
    at Object.react_stack_bottom_frame (http://localhost:3000/node_modules/.vite/deps/chunk-2ELF4GQY.js?v=0a3d6a2c:18509:20)
    at renderWithHooks (http://localhost:3000/node_modules/.vite/deps/chunk-2ELF4GQY.js?v=0a3d6a2c:5654:24)
    at updateFunctionComponent (http://localhost:3000/node_modules/.vite/deps/chunk-2ELF4GQY.js?v=0a3d6a2c:7475:21)
    at beginWork (http://localhost:3000/node_modules/.vite/deps/chunk-2ELF4GQY.js?v=0a3d6a2c:8525:20)
    at runWithFiberInDEV (http://localhost:3000/node_modules/.vite/deps/chunk-2ELF4GQY.js?v=0a3d6a2c:997:72)
    at performUnitOfWork (http://localhost:3000/node_modules/.vite/deps/chunk-2ELF4GQY.js?v=0a3d6a2c:12561:98)
    at workLoopSync (http://localhost:3000/node_modules/.vite/deps/chunk-2ELF4GQY.js?v=0a3d6a2c:12424:43) The above error occurred in the <FolderView> component. React will try to recreate this component tree from scratch using the error boundary you provided, ErrorBoundary2. @ http://localhost:3000/node_modules/.vite/deps/chunk-2ELF4GQY.js?v=0a3d6a2c:7000
[   74461ms] [ERROR] [15:36:27.92] [Connect][DriveEditor] {} {"componentStack":"\n    at FolderView (http://localhost:3000/node_modules/.vite/deps/@powerhousedao_connect_main__js.js?v=0a3d6a2c:194068:11)\n    at div (<anonymous>)\n    at DriveLayoutContent (http://localhost:3000/node_modules/.vite/deps/@powerhousedao_connect_main__js.js?v=0a3d6a2c:194057:55)\n    at div (<anonymous>)\n    at DriveLayoutContainer (http://localhost:3000/node_modules/.vite/deps/@powerhousedao_connect_main__js.js?v=0a3d6a2c:194051:59)\n    at DriveLayout (http://localhost:3000/node_modules/.vite/deps/@powerhousedao_connect_main__js.js?v=0a3d6a2c:194047:24)\n    at Editor2 (http://localhost:3000/node_modules/.vite/deps/@powerhousedao_connect_main__js.js?v=0a3d6a2c:194097:3)\n    at div (<anonymous>)\n    at DropZone (http://localhost:3000/node_modules/.vite/deps/chunk-UAO4VAQN.js?v=0a3d6a2c:10974:11)\n    at DropZoneWrapper (http://localhost:3000/node_modules/.vite/deps/chunk-UAO4VAQN.js?v=0a3d6a2c:11015:28)\n    at Suspense (<anonymous>)\n    at ErrorBoundary2 (http://localhost:3000/node_modules/.vite/deps/@powerhousedao_connect_main__js.js?v=0a3d6a2c:265129:5)\n    at ErrorBoundary3 (http://localhost:3000/node_modules/.vite/deps/@powerhousedao_connect_main__js.js?v=0a3d6a2c:265278:11)\n    at DriveEditorContainer (http://localhost:3000/node_modules/.vite/deps/@powerhousedao_connect_main__js.js?v=0a3d6a2c:265559:27)\n    at div (<anonymous>)\n    at ContentContainer (http://localhost:3000/node_modules/.vite/deps/@powerhousedao_connect_main__js.js?v=0a3d6a2c:265996:29)\n    at Content2 (http://localhost:3000/node_modules/.vite/deps/@powerhousedao_connect_main__js.js?v=0a3d6a2c:265978:27)\n    at Suspense (<anonymous>)\n    at RenderedRoute (http://localhost:3000/node_modules/.vite/deps/@powerhousedao_connect_main__js.js?v=0a3d6a2c:117318:5)\n    at Outlet (http://localhost:3000/node_modules/.vite/deps/@powerhousedao_connect_main__js.js?v=0a3d6a2c:117553:26)\n    at div (<anonymous>)\n    at Suspense (<anonymous>)\n    at div (<anonymous>)\n    at div (<anonymous>)\n    at Root3 (<anonymous>)\n    at Suspense (<anonymous>)\n    at RenderedRoute (http://localhost:3000/node_modules/.vite/deps/@powerhousedao_connect_main__js.js?v=0a3d6a2c:117318:5)\n    at RenderErrorBoundary (http://localhost:3000/node_modules/.vite/deps/@powerhousedao_connect_main__js.js?v=0a3d6a2c:117752:7)\n    at DataRoutes (http://localhost:3000/node_modules/.vite/deps/@powerhousedao_connect_main__js.js?v=0a3d6a2c:118213:13)\n    at Router (http://localhost:3000/node_modules/.vite/deps/@powerhousedao_connect_main__js.js?v=0a3d6a2c:117560:15)\n    at RouterProvider (http://localhost:3000/node_modules/.vite/deps/@powerhousedao_connect_main__js.js?v=0a3d6a2c:118028:5)\n    at Router2 (<anonymous>)\n    at ProcessorManagerProvider (http://localhost:3000/node_modules/.vite/deps/@powerhousedao_connect_main__js.js?v=0a3d6a2c:265023:37)\n    at QueryClientProvider (http://localhost:3000/node_modules/.vite/deps/chunk-UAO4VAQN.js?v=0a3d6a2c:25369:3)\n    at Hydrate (http://localhost:3000/node_modules/.vite/deps/chunk-UAO4VAQN.js?v=0a3d6a2c:22727:11)\n    at WagmiProvider (http://localhost:3000/node_modules/.vite/deps/chunk-UAO4VAQN.js?v=0a3d6a2c:22751:11)\n    at WagmiContext2 (http://localhost:3000/node_modules/.vite/deps/chunk-UAO4VAQN.js?v=0a3d6a2c:48183:11)\n    at SentryProvider (http://localhost:3000/node_modules/.vite/deps/@powerhousedao_connect_main__js.js?v=0a3d6a2c:265029:25)\n    at App (http://localhost:3000/node_modules/.vite/deps/@powerhousedao_connect_main__js.js?v=0a3d6a2c:265393:32)\n    at default (http://localhost:3000/node_modules/.vite/deps/@powerhousedao_connect_main__js.js?v=0a3d6a2c:265012:17)\n    at Suspense (<anonymous>)\n    at AppLoader (<anonymous>)"} @ http://localhost:3000/node_modules/.vite/deps/chunk-C46WCPJS.js?v=0a3d6a2c:4577
[  176746ms] [ERROR] WebSocket connection to 'ws://localhost:3000/' failed: Error in connection establishment: net::ERR_CONNECTION_REFUSED @ http://localhost:3000/@vite/client:1034
[  177749ms] [ERROR] WebSocket connection to 'ws://localhost:3000/' failed: Error in connection establishment: net::ERR_CONNECTION_REFUSED @ http://localhost:3000/@vite/client:1034
[  178756ms] [ERROR] WebSocket connection to 'ws://localhost:3000/' failed: Error in connection establishment: net::ERR_CONNECTION_REFUSED @ http://localhost:3000/@vite/client:1034
[  179766ms] [ERROR] WebSocket connection to 'ws://localhost:3000/' failed: Error in connection establishment: net::ERR_CONNECTION_REFUSED @ http://localhost:3000/@vite/client:1034
[  180773ms] [ERROR] WebSocket connection to 'ws://localhost:3000/' failed: Error in connection establishment: net::ERR_CONNECTION_REFUSED @ http://localhost:3000/@vite/client:1034
[  181787ms] [ERROR] WebSocket connection to 'ws://localhost:3000/' failed: Error in connection establishment: net::ERR_CONNECTION_REFUSED @ http://localhost:3000/@vite/client:1034
[  182811ms] [ERROR] WebSocket connection to 'ws://localhost:3000/' failed: Error in connection establishment: net::ERR_CONNECTION_REFUSED @ http://localhost:3000/@vite/client:1034
[  183843ms] [ERROR] WebSocket connection to 'ws://localhost:3000/' failed: Error in connection establishment: net::ERR_CONNECTION_REFUSED @ http://localhost:3000/@vite/client:1034
[  184885ms] [ERROR] WebSocket connection to 'ws://localhost:3000/' failed: Error in connection establishment: net::ERR_CONNECTION_REFUSED @ http://localhost:3000/@vite/client:1034
[  185916ms] [ERROR] WebSocket connection to 'ws://localhost:3000/' failed: Error in connection establishment: net::ERR_CONNECTION_REFUSED @ http://localhost:3000/@vite/client:1034
[  186988ms] [ERROR] WebSocket connection to 'ws://localhost:3000/' failed: Error in connection establishment: net::ERR_CONNECTION_REFUSED @ http://localhost:3000/@vite/client:1034
[  188220ms] [ERROR] WebSocket connection to 'ws://localhost:3000/' failed: Error in connection establishment: net::ERR_CONNECTION_REFUSED @ http://localhost:3000/@vite/client:1034
[  189484ms] [ERROR] WebSocket connection to 'ws://localhost:3000/' failed: Error in connection establishment: net::ERR_CONNECTION_REFUSED @ http://localhost:3000/@vite/client:1034
[  190988ms] [ERROR] WebSocket connection to 'ws://localhost:3000/' failed: Error in connection establishment: net::ERR_CONNECTION_REFUSED @ http://localhost:3000/@vite/client:1034
[  192933ms] [ERROR] WebSocket connection to 'ws://localhost:3000/' failed: Error in connection establishment: net::ERR_CONNECTION_REFUSED @ http://localhost:3000/@vite/client:1034
[  198365ms] [ERROR] WebSocket connection to 'ws://localhost:3000/' failed: Error in connection establishment: net::ERR_CONNECTION_REFUSED @ http://localhost:3000/@vite/client:1034
[  200820ms] [ERROR] WebSocket connection to 'ws://localhost:3000/' failed: Error in connection establishment: net::ERR_CONNECTION_REFUSED @ http://localhost:3000/@vite/client:1034
[  203661ms] [ERROR] WebSocket connection to 'ws://localhost:3000/' failed: Error in connection establishment: net::ERR_CONNECTION_REFUSED @ http://localhost:3000/@vite/client:1034
[  208084ms] [ERROR] WebSocket connection to 'ws://localhost:3000/' failed: Error in connection establishment: net::ERR_CONNECTION_REFUSED @ http://localhost:3000/@vite/client:1034
[  213308ms] [ERROR] WebSocket connection to 'ws://localhost:3000/' failed: Error in connection establishment: net::ERR_CONNECTION_REFUSED @ http://localhost:3000/@vite/client:1034
[  216980ms] [ERROR] WebSocket connection to 'ws://localhost:3000/' failed: Error in connection establishment: net::ERR_CONNECTION_REFUSED @ http://localhost:3000/@vite/client:1034
[  221629ms] [ERROR] WebSocket connection to 'ws://localhost:3000/' failed: Error in connection establishment: net::ERR_CONNECTION_REFUSED @ http://localhost:3000/@vite/client:1034
[  226284ms] [ERROR] WebSocket connection to 'ws://localhost:3000/' failed: Error in connection establishment: net::ERR_CONNECTION_REFUSED @ http://localhost:3000/@vite/client:1034
[  231188ms] [ERROR] WebSocket connection to 'ws://localhost:3000/' failed: Error in connection establishment: net::ERR_CONNECTION_REFUSED @ http://localhost:3000/@vite/client:1034
[  236636ms] [ERROR] WebSocket connection to 'ws://localhost:3000/' failed: Error in connection establishment: net::ERR_CONNECTION_REFUSED @ http://localhost:3000/@vite/client:1034
[  240797ms] [ERROR] WebSocket connection to 'ws://localhost:3000/' failed: Error in connection establishment: net::ERR_CONNECTION_REFUSED @ http://localhost:3000/@vite/client:1034
[  243564ms] [ERROR] WebSocket connection to 'ws://localhost:3000/' failed: Error in connection establishment: net::ERR_CONNECTION_REFUSED @ http://localhost:3000/@vite/client:1034
[  245908ms] [ERROR] WebSocket connection to 'ws://localhost:3000/' failed: Error in connection establishment: net::ERR_CONNECTION_REFUSED @ http://localhost:3000/@vite/client:1034
[  249532ms] [ERROR] WebSocket connection to 'ws://localhost:3000/' failed: Error in connection establishment: net::ERR_CONNECTION_REFUSED @ http://localhost:3000/@vite/client:1034
[  254468ms] [ERROR] WebSocket connection to 'ws://localhost:3000/' failed: Error in connection establishment: net::ERR_CONNECTION_REFUSED @ http://localhost:3000/@vite/client:1034
[  260196ms] [ERROR] WebSocket connection to 'ws://localhost:3000/' failed: Error in connection establishment: net::ERR_CONNECTION_REFUSED @ http://localhost:3000/@vite/client:1034
[  265332ms] [ERROR] WebSocket connection to 'ws://localhost:3000/' failed: Error in connection establishment: net::ERR_CONNECTION_REFUSED @ http://localhost:3000/@vite/client:1034
[  269732ms] [ERROR] WebSocket connection to 'ws://localhost:3000/' failed: Error in connection establishment: net::ERR_CONNECTION_REFUSED @ http://localhost:3000/@vite/client:1034
[  272452ms] [ERROR] WebSocket connection to 'ws://localhost:3000/' failed: Error in connection establishment: net::ERR_CONNECTION_REFUSED @ http://localhost:3000/@vite/client:1034
[  277780ms] [ERROR] WebSocket connection to 'ws://localhost:3000/' failed: Error in connection establishment: net::ERR_CONNECTION_REFUSED @ http://localhost:3000/@vite/client:1034
[  280108ms] [ERROR] WebSocket connection to 'ws://localhost:3000/' failed: Error in connection establishment: net::ERR_CONNECTION_REFUSED @ http://localhost:3000/@vite/client:1034
[  282412ms] [ERROR] WebSocket connection to 'ws://localhost:3000/' failed: Error in connection establishment: net::ERR_CONNECTION_REFUSED @ http://localhost:3000/@vite/client:1034
[  284884ms] [ERROR] WebSocket connection to 'ws://localhost:3000/' failed: Error in connection establishment: net::ERR_CONNECTION_REFUSED @ http://localhost:3000/@vite/client:1034
[  290012ms] [ERROR] WebSocket connection to 'ws://localhost:3000/' failed: Error in connection establishment: net::ERR_CONNECTION_REFUSED @ http://localhost:3000/@vite/client:1034
[  295292ms] [ERROR] WebSocket connection to 'ws://localhost:3000/' failed: Error in connection establishment: net::ERR_CONNECTION_REFUSED @ http://localhost:3000/@vite/client:1034
[  300166ms] [ERROR] WebSocket connection to 'ws://localhost:3000/' failed: Error in connection establishment: net::ERR_CONNECTION_REFUSED @ http://localhost:3000/@vite/client:1034
[  305724ms] [ERROR] WebSocket connection to 'ws://localhost:3000/' failed: Error in connection establishment: net::ERR_CONNECTION_REFUSED @ http://localhost:3000/@vite/client:1034
[  308220ms] [ERROR] WebSocket connection to 'ws://localhost:3000/' failed: Error in connection establishment: net::ERR_CONNECTION_REFUSED @ http://localhost:3000/@vite/client:1034
[  310980ms] [ERROR] WebSocket connection to 'ws://localhost:3000/' failed: Error in connection establishment: net::ERR_CONNECTION_REFUSED @ http://localhost:3000/@vite/client:1034
[  313046ms] [ERROR] WebSocket connection to 'ws://localhost:3000/' failed: Error in connection establishment: net::ERR_CONNECTION_REFUSED @ http://localhost:3000/@vite/client:1034
[  317708ms] [ERROR] WebSocket connection to 'ws://localhost:3000/' failed: Error in connection establishment: net::ERR_CONNECTION_REFUSED @ http://localhost:3000/@vite/client:1034
[  321372ms] [ERROR] WebSocket connection to 'ws://localhost:3000/' failed: Error in connection establishment: net::ERR_CONNECTION_REFUSED @ http://localhost:3000/@vite/client:1034
[  324116ms] [ERROR] WebSocket connection to 'ws://localhost:3000/' failed: Error in connection establishment: net::ERR_CONNECTION_REFUSED @ http://localhost:3000/@vite/client:1034
[  326620ms] [ERROR] WebSocket connection to 'ws://localhost:3000/' failed: Error in connection establishment: net::ERR_CONNECTION_REFUSED @ http://localhost:3000/@vite/client:1034
[  329908ms] [ERROR] WebSocket connection to 'ws://localhost:3000/' failed: Error in connection establishment: net::ERR_CONNECTION_REFUSED @ http://localhost:3000/@vite/client:1034
[  334132ms] [ERROR] WebSocket connection to 'ws://localhost:3000/' failed: Error in connection establishment: net::ERR_CONNECTION_REFUSED @ http://localhost:3000/@vite/client:1034
[  339092ms] [ERROR] WebSocket connection to 'ws://localhost:3000/' failed: Error in connection establishment: net::ERR_CONNECTION_REFUSED @ http://localhost:3000/@vite/client:1034
[  344628ms] [ERROR] WebSocket connection to 'ws://localhost:3000/' failed: Error in connection establishment: net::ERR_CONNECTION_REFUSED @ http://localhost:3000/@vite/client:1034
[  347533ms] [ERROR] WebSocket connection to 'ws://localhost:3000/' failed: Error in connection establishment: net::ERR_CONNECTION_REFUSED @ http://localhost:3000/@vite/client:1034
[  352493ms] [ERROR] WebSocket connection to 'ws://localhost:3000/' failed: Error in connection establishment: net::ERR_CONNECTION_REFUSED @ http://localhost:3000/@vite/client:1034
[  356748ms] [ERROR] WebSocket connection to 'ws://localhost:3000/' failed: Error in connection establishment: net::ERR_CONNECTION_REFUSED @ http://localhost:3000/@vite/client:1034
[  362460ms] [ERROR] WebSocket connection to 'ws://localhost:3000/' failed: Error in connection establishment: net::ERR_CONNECTION_REFUSED @ http://localhost:3000/@vite/client:1034
[  368084ms] [ERROR] WebSocket connection to 'ws://localhost:3000/' failed: Error in connection establishment: net::ERR_CONNECTION_REFUSED @ http://localhost:3000/@vite/client:1034
[  370932ms] [ERROR] WebSocket connection to 'ws://localhost:3000/' failed: Error in connection establishment: net::ERR_CONNECTION_REFUSED @ http://localhost:3000/@vite/client:1034
[  376309ms] [ERROR] WebSocket connection to 'ws://localhost:3000/' failed: Error in connection establishment: net::ERR_CONNECTION_REFUSED @ http://localhost:3000/@vite/client:1034
[  379484ms] [ERROR] WebSocket connection to 'ws://localhost:3000/' failed: Error in connection establishment: net::ERR_CONNECTION_REFUSED @ http://localhost:3000/@vite/client:1034
[  383180ms] [ERROR] WebSocket connection to 'ws://localhost:3000/' failed: Error in connection establishment: net::ERR_CONNECTION_REFUSED @ http://localhost:3000/@vite/client:1034
[  386117ms] [ERROR] WebSocket connection to 'ws://localhost:3000/' failed: Error in connection establishment: net::ERR_CONNECTION_REFUSED @ http://localhost:3000/@vite/client:1034
[  390995ms] [ERROR] WebSocket connection to 'ws://localhost:3000/' failed: Error in connection establishment: net::ERR_CONNECTION_REFUSED @ http://localhost:3000/@vite/client:1034
[  393068ms] [ERROR] WebSocket connection to 'ws://localhost:3000/' failed: Error in connection establishment: net::ERR_CONNECTION_REFUSED @ http://localhost:3000/@vite/client:1034
[  398884ms] [ERROR] WebSocket connection to 'ws://localhost:3000/' failed: Error in connection establishment: net::ERR_CONNECTION_REFUSED @ http://localhost:3000/@vite/client:1034
[  401012ms] [ERROR] WebSocket connection to 'ws://localhost:3000/' failed: Error in connection establishment: net::ERR_CONNECTION_REFUSED @ http://localhost:3000/@vite/client:1034
[  405043ms] [ERROR] WebSocket connection to 'ws://localhost:3000/' failed: Error in connection establishment: net::ERR_CONNECTION_REFUSED @ http://localhost:3000/@vite/client:1034
[  410332ms] [ERROR] WebSocket connection to 'ws://localhost:3000/' failed: Error in connection establishment: net::ERR_CONNECTION_REFUSED @ http://localhost:3000/@vite/client:1034
[  412414ms] [ERROR] WebSocket connection to 'ws://localhost:3000/' failed: Error in connection establishment: net::ERR_CONNECTION_REFUSED @ http://localhost:3000/@vite/client:1034
[  416582ms] [ERROR] WebSocket connection to 'ws://localhost:3000/' failed: Error in connection establishment: net::ERR_CONNECTION_REFUSED @ http://localhost:3000/@vite/client:1034
[  417588ms] [ERROR] WebSocket connection to 'ws://localhost:3000/' failed: Error in connection establishment: net::ERR_CONNECTION_REFUSED @ http://localhost:3000/@vite/client:1034
[  418596ms] [ERROR] WebSocket connection to 'ws://localhost:3000/' failed: Error in connection establishment: net::ERR_CONNECTION_REFUSED @ http://localhost:3000/@vite/client:1034
[  419604ms] [ERROR] WebSocket connection to 'ws://localhost:3000/' failed: Error in connection establishment: net::ERR_CONNECTION_REFUSED @ http://localhost:3000/@vite/client:1034
[  420612ms] [ERROR] WebSocket connection to 'ws://localhost:3000/' failed: Error in connection establishment: net::ERR_CONNECTION_REFUSED @ http://localhost:3000/@vite/client:1034
[  421628ms] [ERROR] WebSocket connection to 'ws://localhost:3000/' failed: Error in connection establishment: net::ERR_CONNECTION_REFUSED @ http://localhost:3000/@vite/client:1034
[  422644ms] [ERROR] WebSocket connection to 'ws://localhost:3000/' failed: Error in connection establishment: net::ERR_CONNECTION_REFUSED @ http://localhost:3000/@vite/client:1034
[  423660ms] [ERROR] WebSocket connection to 'ws://localhost:3000/' failed: Error in connection establishment: net::ERR_CONNECTION_REFUSED @ http://localhost:3000/@vite/client:1034
[  424676ms] [ERROR] WebSocket connection to 'ws://localhost:3000/' failed: Error in connection establishment: net::ERR_CONNECTION_REFUSED @ http://localhost:3000/@vite/client:1034
[  425724ms] [ERROR] WebSocket connection to 'ws://localhost:3000/' failed: Error in connection establishment: net::ERR_CONNECTION_REFUSED @ http://localhost:3000/@vite/client:1034
[  426779ms] [ERROR] WebSocket connection to 'ws://localhost:3000/' failed: Error in connection establishment: net::ERR_CONNECTION_REFUSED @ http://localhost:3000/@vite/client:1034
[  427868ms] [ERROR] WebSocket connection to 'ws://localhost:3000/' failed: Error in connection establishment: net::ERR_CONNECTION_REFUSED @ http://localhost:3000/@vite/client:1034
[  429045ms] [ERROR] WebSocket connection to 'ws://localhost:3000/' failed: Error in connection establishment: net::ERR_CONNECTION_REFUSED @ http://localhost:3000/@vite/client:1034
[  430348ms] [ERROR] WebSocket connection to 'ws://localhost:3000/' failed: Error in connection establishment: net::ERR_CONNECTION_REFUSED @ http://localhost:3000/@vite/client:1034
[  432068ms] [ERROR] WebSocket connection to 'ws://localhost:3000/' failed: Error in connection establishment: net::ERR_CONNECTION_REFUSED @ http://localhost:3000/@vite/client:1034
[  434108ms] [ERROR] WebSocket connection to 'ws://localhost:3000/' failed: Error in connection establishment: net::ERR_CONNECTION_REFUSED @ http://localhost:3000/@vite/client:1034
[  437940ms] [ERROR] WebSocket connection to 'ws://localhost:3000/' failed: Error in connection establishment: net::ERR_CONNECTION_REFUSED @ http://localhost:3000/@vite/client:1034
[  443684ms] [ERROR] WebSocket connection to 'ws://localhost:3000/' failed: Error in connection establishment: net::ERR_CONNECTION_REFUSED @ http://localhost:3000/@vite/client:1034
[  448172ms] [ERROR] WebSocket connection to 'ws://localhost:3000/' failed: Error in connection establishment: net::ERR_CONNECTION_REFUSED @ http://localhost:3000/@vite/client:1034
[  454036ms] [ERROR] WebSocket connection to 'ws://localhost:3000/' failed: Error in connection establishment: net::ERR_CONNECTION_REFUSED @ http://localhost:3000/@vite/client:1034
[  459388ms] [ERROR] WebSocket connection to 'ws://localhost:3000/' failed: Error in connection establishment: net::ERR_CONNECTION_REFUSED @ http://localhost:3000/@vite/client:1034
[  464741ms] [ERROR] WebSocket connection to 'ws://localhost:3000/' failed: Error in connection establishment: net::ERR_CONNECTION_REFUSED @ http://localhost:3000/@vite/client:1034
[  469965ms] [ERROR] WebSocket connection to 'ws://localhost:3000/' failed: Error in connection establishment: net::ERR_CONNECTION_REFUSED @ http://localhost:3000/@vite/client:1034
[  472700ms] [ERROR] WebSocket connection to 'ws://localhost:3000/' failed: Error in connection establishment: net::ERR_CONNECTION_REFUSED @ http://localhost:3000/@vite/client:1034
[  476956ms] [ERROR] WebSocket connection to 'ws://localhost:3000/' failed: Error in connection establishment: net::ERR_CONNECTION_REFUSED @ http://localhost:3000/@vite/client:1034
[  482212ms] [ERROR] WebSocket connection to 'ws://localhost:3000/' failed: Error in connection establishment: net::ERR_CONNECTION_REFUSED @ http://localhost:3000/@vite/client:1034
[  486340ms] [ERROR] WebSocket connection to 'ws://localhost:3000/' failed: Error in connection establishment: net::ERR_CONNECTION_REFUSED @ http://localhost:3000/@vite/client:1034
[  491499ms] [ERROR] WebSocket connection to 'ws://localhost:3000/' failed: Error in connection establishment: net::ERR_CONNECTION_REFUSED @ http://localhost:3000/@vite/client:1034
[  493989ms] [ERROR] WebSocket connection to 'ws://localhost:3000/' failed: Error in connection establishment: net::ERR_CONNECTION_REFUSED @ http://localhost:3000/@vite/client:1034
[  498372ms] [ERROR] WebSocket connection to 'ws://localhost:3000/' failed: Error in connection establishment: net::ERR_CONNECTION_REFUSED @ http://localhost:3000/@vite/client:1034
